06/03 02:04> Error: User's connection failed.
06/03 02:04> Error: User's connection failed.
06/03 02:16> User G joined the system with permission 4.
06/03 02:16> User G asked for page SubForum: Games.
06/03 02:16> Server sent to G page SubForum: Games.
06/03 02:16> User G asked for page Thread: IgI.
06/03 02:16> Server sent to G page Thread: IgI.
06/03 02:16> User G asked for page Thread: IgI.
06/03 02:16> Server sent to G page Thread: IgI.
06/03 10:48> User G joined the system with permission 4.
06/03 10:48> User Edi joined the system with permission 2.
06/03 10:49> User G asked for page SubForum: Games.
06/03 10:49> Server sent to G page SubForum: Games.
06/03 10:49> User G asked for page Thread: IgI.
06/03 10:49> Server sent to G page Thread: IgI.
06/03 10:49> User G asked for page Thread: Fifa.
06/03 10:49> Server sent to G page Thread: Fifa.
06/03 10:50> User G asked for page SubForum: Games.
06/03 10:50> Server sent to G page SubForum: Games.
06/03 10:51> User Edi asked for page SubForum: Games.
06/03 10:51> Server sent to Edi page SubForum: Games.
06/03 10:51> User Edi asked for page Thread: likedit.
06/03 10:51> Server sent to Edi page Thread: likedit.
06/03 10:55> Error: User's connection failed.
06/03 10:55> User G joined the system with permission 4.
06/03 10:55> User G asked for page SubForum: Games.
06/03 10:55> Server sent to G page SubForum: Games.
06/03 10:58> User G joined the system with permission 4.
06/03 10:59> User G joined the system with permission 4.
06/03 10:59> User G asked for page SubForum: Movies.
06/03 10:59> Server sent to G page SubForum: Movies.
06/03 10:59> User G asked for page SubForum: Movies.
06/03 10:59> Server sent to G page SubForum: Movies.
06/03 11:00> User G joined the system with permission 4.
06/03 11:01> User G asked for page SubForum: Games.
06/03 11:01> Server sent to G page SubForum: Games.
06/03 11:01> User G asked for page SubForum: Games.
06/03 11:01> Server sent to G page SubForum: Games.
06/03 11:01> User G asked for page SubForum: Movies.
06/03 11:01> Server sent to G page SubForum: Movies.
06/03 11:02> User G asked for page SubForum: Movies.
06/03 11:02> Server sent to G page SubForum: Movies.
06/03 11:02> User G asked for page SubForum: Games.
06/03 11:02> Server sent to G page SubForum: Games.
06/03 11:02> User G asked for page SubForum: Movies.
06/03 11:02> Server sent to G page SubForum: Movies.
06/03 11:02> User G asked for page SubForum: Games.
06/03 11:02> Server sent to G page SubForum: Games.
06/03 11:04> User G joined the system with permission 4.
06/03 11:06> User G asked for page SubForum: Food2.
06/03 11:06> Server sent to G page SubForum: Food2.
06/03 11:06> User G asked for page SubForum: Food2.
06/03 11:06> Server sent to G page SubForum: Food2.
06/03 11:06> User G asked for page Thread: pipi.
06/03 11:06> Server sent to G page Thread: pipi.
06/03 11:07> User G asked for page SubForum: Food2.
06/03 11:07> Server sent to G page SubForum: Food2.
06/03 11:08> User G asked for page SubForum: Deleted.
06/03 11:08> Server sent to G page SubForum: Deleted.
06/03 11:08> User G asked for page SubForum: Food2.
06/03 11:08> Server sent to G page SubForum: Food2.
06/03 11:08> User G asked for page Thread: Deleted.
06/03 11:08> Server sent to G page Thread: Deleted.
06/03 11:23> Error: User's connection failed.
06/03 11:23> User c joined the system with permission 2.
06/03 11:24> User c asked for page SubForum: Games.
06/03 11:24> Server sent to c page SubForum: Games.
06/03 11:24> User c asked for page Thread: pipi.
06/03 11:24> Server sent to c page Thread: pipi.
06/03 11:25> User c asked for page SubForum: Games.
06/03 11:25> Server sent to c page SubForum: Games.
06/03 12:47> User G joined the system with permission 4.
06/03 12:49> User G joined the system with permission 4.
06/03 12:49> User c joined the system with permission 2.
06/03 01:00> User G joined the system with permission 4.
06/03 01:01> User c joined the system with permission 2.
06/03 01:03> User c asked for page SubForum: sub1.
06/03 01:03> Server sent to c page SubForum: sub1.
06/03 01:03> User Elicho joined the system with permission 3.
06/03 01:05> User Elicho asked for page SubForum: Games.
06/03 01:05> Server sent to Elicho page SubForum: Games.
06/03 01:05> User Elicho asked for page SubForum: sub1.
06/03 01:05> Server sent to Elicho page SubForum: sub1.
06/03 01:05> User c asked for page Thread: title1.
06/03 01:05> Server sent to c page Thread: title1.
06/03 01:06> User Elicho asked for page SubForum: sub1.
06/03 01:06> Server sent to Elicho page SubForum: sub1.
06/03 01:06> User Elicho asked for page Thread: title1.
06/03 01:06> Server sent to Elicho page Thread: title1.
06/03 01:07> User c asked for page Thread: title1.
06/03 01:07> Server sent to c page Thread: title1.
06/03 01:14> User c asked for page SubForum: sub1.
06/03 01:14> Server sent to c page SubForum: sub1.
06/03 01:14> User Elicho asked for page SubForum: sub1.
06/03 01:14> Server sent to Elicho page SubForum: sub1.
06/03 01:15> User Elicho asked for page SubForum: sub1.
06/03 01:15> Server sent to Elicho page SubForum: sub1.
